mode: set
learngo/container/nonrepeating/nonrepeating.go:7.32,11.31 4 0
learngo/container/nonrepeating/nonrepeating.go:21.2,21.18 1 0
learngo/container/nonrepeating/nonrepeating.go:11.31,13.27 2 0
learngo/container/nonrepeating/nonrepeating.go:16.3,16.28 1 0
learngo/container/nonrepeating/nonrepeating.go:19.3,19.16 1 0
learngo/container/nonrepeating/nonrepeating.go:13.27,15.4 1 0
learngo/container/nonrepeating/nonrepeating.go:16.28,18.4 1 0
learngo/container/nonrepeating/nonrepeating.go:24.34,28.31 4 1
learngo/container/nonrepeating/nonrepeating.go:37.2,37.18 1 1
learngo/container/nonrepeating/nonrepeating.go:28.31,29.51 1 1
learngo/container/nonrepeating/nonrepeating.go:32.3,32.28 1 1
learngo/container/nonrepeating/nonrepeating.go:35.3,35.16 1 1
learngo/container/nonrepeating/nonrepeating.go:29.51,31.4 1 1
learngo/container/nonrepeating/nonrepeating.go:32.28,34.4 1 1
learngo/container/nonrepeating/nonrepeating.go:40.13,50.2 8 0
